<?xml version="1.0" encoding="UTF-8"?>
<!-- Generated by org.testng.reporters.JUnitReportReporter -->
<testsuite hostname="DESKTOP-T1UPUTK" failures="0" tests="1" name="javaselfpractice.loginwithbeforemethod" time="19.629" errors="0" timestamp="2023-05-06T09:13:46 WAT" skipped="0">
  <testcase classname="javaselfpractice.loginwithbeforemethod" name="validLogin" time="19.629"/>
  <system-out/>
</testsuite> <!-- javaselfpractice.loginwithbeforemethod -->
